CRITICAL - 2020-10-08 19:58:13 --> Unknown database 'blogci4'
#0 C:\xampp\htdocs\blogci4\vendor\codeigniter4\framework\system\Database\BaseConnection.php(377): CodeIgniter\Database\MySQLi\Connection->connect(false)
#1 C:\xampp\htdocs\blogci4\vendor\codeigniter4\framework\system\Database\BaseConnection.php(643): CodeIgniter\Database\BaseConnection->initialize()
#2 C:\xampp\htdocs\blogci4\vendor\codeigniter4\framework\system\Database\BaseBuilder.php(1819): CodeIgniter\Database\BaseConnection->query('SELECT *\nFROM `...', Array, false)
#3 C:\xampp\htdocs\blogci4\vendor\codeigniter4\framework\system\Model.php(482): CodeIgniter\Database\BaseBuilder->get()
#4 C:\xampp\htdocs\blogci4\app\Controllers\Home.php(40): CodeIgniter\Model->first()
#5 C:\xampp\htdocs\blogci4\vendor\codeigniter4\framework\system\CodeIgniter.php(910): App\Controllers\Home->index()
#6 C:\xampp\htdocs\blogci4\vendor\codeigniter4\framework\system\CodeIgniter.php(398): CodeIgniter\CodeIgniter->runController(Object(App\Controllers\Home))
#7 C:\xampp\htdocs\blogci4\vendor\codeigniter4\framework\system\CodeIgniter.php(306): CodeIgniter\CodeIgniter->handleRequest(NULL, Object(Config\Cache), false)
#8 C:\xampp\htdocs\blogci4\index.php(45): CodeIgniter\CodeIgniter->run()
#9 {main}
CRITICAL - 2020-10-08 20:39:11 --> Trying to access array offset on value of type null
#0 C:\xampp\htdocs\blogci4\app\Views\home\templates\meta.php(7): CodeIgniter\Debug\Exceptions->errorHandler(8, 'Trying to acces...', 'C:\\xampp\\htdocs...', 7, Array)
#1 C:\xampp\htdocs\blogci4\vendor\codeigniter4\framework\system\View\View.php(236): include('C:\\xampp\\htdocs...')
#2 C:\xampp\htdocs\blogci4\vendor\codeigniter4\framework\system\Common.php(1071): CodeIgniter\View\View->render('home/templates/...', Array, true)
#3 C:\xampp\htdocs\blogci4\app\Views\home\index.php(2): view('home/templates/...')
#4 C:\xampp\htdocs\blogci4\vendor\codeigniter4\framework\system\View\View.php(236): include('C:\\xampp\\htdocs...')
#5 C:\xampp\htdocs\blogci4\vendor\codeigniter4\framework\system\Common.php(1071): CodeIgniter\View\View->render('home/index', Array, true)
#6 C:\xampp\htdocs\blogci4\app\Controllers\Home.php(46): view('home/index', Array)
#7 C:\xampp\htdocs\blogci4\vendor\codeigniter4\framework\system\CodeIgniter.php(910): App\Controllers\Home->index()
#8 C:\xampp\htdocs\blogci4\vendor\codeigniter4\framework\system\CodeIgniter.php(398): CodeIgniter\CodeIgniter->runController(Object(App\Controllers\Home))
#9 C:\xampp\htdocs\blogci4\vendor\codeigniter4\framework\system\CodeIgniter.php(306): CodeIgniter\CodeIgniter->handleRequest(NULL, Object(Config\Cache), false)
#10 C:\xampp\htdocs\blogci4\index.php(45): CodeIgniter\CodeIgniter->run()
#11 {main}
CRITICAL - 2020-10-08 20:39:43 --> Trying to access array offset on value of type null
#0 C:\xampp\htdocs\blogci4\app\Controllers\Users.php(28): CodeIgniter\Debug\Exceptions->errorHandler(8, 'Trying to acces...', 'C:\\xampp\\htdocs...', 28, Array)
#1 C:\xampp\htdocs\blogci4\vendor\codeigniter4\framework\system\CodeIgniter.php(882): App\Controllers\Users->__construct()
#2 C:\xampp\htdocs\blogci4\vendor\codeigniter4\framework\system\CodeIgniter.php(393): CodeIgniter\CodeIgniter->createController()
#3 C:\xampp\htdocs\blogci4\vendor\codeigniter4\framework\system\CodeIgniter.php(306): CodeIgniter\CodeIgniter->handleRequest(NULL, Object(Config\Cache), false)
#4 C:\xampp\htdocs\blogci4\index.php(45): CodeIgniter\CodeIgniter->run()
#5 {main}
CRITICAL - 2020-10-08 21:20:22 --> Cannot use isset() on the result of an expression (you can use "null !== expression" instead)
#0 [internal function]: CodeIgniter\Debug\Exceptions->shutdownHandler()
#1 {main}
CRITICAL - 2020-10-08 21:30:44 --> syntax error, unexpected '=>' (T_DOUBLE_ARROW), expecting ')'
#0 C:\xampp\htdocs\blogci4\vendor\codeigniter4\framework\system\Router\Router.php(192): CodeIgniter\Router\Router->autoRoute('/home')
#1 C:\xampp\htdocs\blogci4\vendor\codeigniter4\framework\system\CodeIgniter.php(785): CodeIgniter\Router\Router->handle('/home')
#2 C:\xampp\htdocs\blogci4\vendor\codeigniter4\framework\system\CodeIgniter.php(358): CodeIgniter\CodeIgniter->tryToRouteIt(Object(CodeIgniter\Router\RouteCollection))
#3 C:\xampp\htdocs\blogci4\vendor\codeigniter4\framework\system\CodeIgniter.php(306): CodeIgniter\CodeIgniter->handleRequest(NULL, Object(Config\Cache), false)
#4 C:\xampp\htdocs\blogci4\index.php(45): CodeIgniter\CodeIgniter->run()
#5 {main}
CRITICAL - 2020-10-08 21:31:34 --> Object of class App\Models\UserModel could not be converted to string
#0 C:\xampp\htdocs\blogci4\vendor\codeigniter4\framework\system\View\View.php(236): include()
#1 C:\xampp\htdocs\blogci4\vendor\codeigniter4\framework\system\Common.php(1071): CodeIgniter\View\View->render('home/templates/...', Array, true)
#2 C:\xampp\htdocs\blogci4\app\Views\home\index.php(3): view('home/templates/...')
#3 C:\xampp\htdocs\blogci4\vendor\codeigniter4\framework\system\View\View.php(236): include('C:\\xampp\\htdocs...')
#4 C:\xampp\htdocs\blogci4\vendor\codeigniter4\framework\system\Common.php(1071): CodeIgniter\View\View->render('home/index', Array, true)
#5 C:\xampp\htdocs\blogci4\app\Controllers\Home.php(48): view('home/index', Array)
#6 C:\xampp\htdocs\blogci4\vendor\codeigniter4\framework\system\CodeIgniter.php(910): App\Controllers\Home->index()
#7 C:\xampp\htdocs\blogci4\vendor\codeigniter4\framework\system\CodeIgniter.php(398): CodeIgniter\CodeIgniter->runController(Object(App\Controllers\Home))
#8 C:\xampp\htdocs\blogci4\vendor\codeigniter4\framework\system\CodeIgniter.php(306): CodeIgniter\CodeIgniter->handleRequest(NULL, Object(Config\Cache), false)
#9 C:\xampp\htdocs\blogci4\index.php(45): CodeIgniter\CodeIgniter->run()
#10 {main}
CRITICAL - 2020-10-08 21:34:30 --> Call to a member function first() on null
#0 C:\xampp\htdocs\blogci4\vendor\codeigniter4\framework\system\CodeIgniter.php(910): App\Controllers\Home->index()
#1 C:\xampp\htdocs\blogci4\vendor\codeigniter4\framework\system\CodeIgniter.php(398): CodeIgniter\CodeIgniter->runController(Object(App\Controllers\Home))
#2 C:\xampp\htdocs\blogci4\vendor\codeigniter4\framework\system\CodeIgniter.php(306): CodeIgniter\CodeIgniter->handleRequest(NULL, Object(Config\Cache), false)
#3 C:\xampp\htdocs\blogci4\index.php(45): CodeIgniter\CodeIgniter->run()
#4 {main}
CRITICAL - 2020-10-08 21:35:03 --> syntax error, unexpected ')', expecting ']'
#0 C:\xampp\htdocs\blogci4\vendor\codeigniter4\framework\system\Router\Router.php(192): CodeIgniter\Router\Router->autoRoute('/home')
#1 C:\xampp\htdocs\blogci4\vendor\codeigniter4\framework\system\CodeIgniter.php(785): CodeIgniter\Router\Router->handle('/home')
#2 C:\xampp\htdocs\blogci4\vendor\codeigniter4\framework\system\CodeIgniter.php(358): CodeIgniter\CodeIgniter->tryToRouteIt(Object(CodeIgniter\Router\RouteCollection))
#3 C:\xampp\htdocs\blogci4\vendor\codeigniter4\framework\system\CodeIgniter.php(306): CodeIgniter\CodeIgniter->handleRequest(NULL, Object(Config\Cache), false)
#4 C:\xampp\htdocs\blogci4\index.php(45): CodeIgniter\CodeIgniter->run()
#5 {main}
CRITICAL - 2020-10-08 21:35:15 --> syntax error, unexpected ')', expecting ']'
#0 C:\xampp\htdocs\blogci4\vendor\codeigniter4\framework\system\Router\Router.php(192): CodeIgniter\Router\Router->autoRoute('/home')
#1 C:\xampp\htdocs\blogci4\vendor\codeigniter4\framework\system\CodeIgniter.php(785): CodeIgniter\Router\Router->handle('/home')
#2 C:\xampp\htdocs\blogci4\vendor\codeigniter4\framework\system\CodeIgniter.php(358): CodeIgniter\CodeIgniter->tryToRouteIt(Object(CodeIgniter\Router\RouteCollection))
#3 C:\xampp\htdocs\blogci4\vendor\codeigniter4\framework\system\CodeIgniter.php(306): CodeIgniter\CodeIgniter->handleRequest(NULL, Object(Config\Cache), false)
#4 C:\xampp\htdocs\blogci4\index.php(45): CodeIgniter\CodeIgniter->run()
#5 {main}
CRITICAL - 2020-10-08 21:36:14 --> syntax error, unexpected ')', expecting ']'
#0 C:\xampp\htdocs\blogci4\vendor\codeigniter4\framework\system\Router\Router.php(192): CodeIgniter\Router\Router->autoRoute('/home')
#1 C:\xampp\htdocs\blogci4\vendor\codeigniter4\framework\system\CodeIgniter.php(785): CodeIgniter\Router\Router->handle('/home')
#2 C:\xampp\htdocs\blogci4\vendor\codeigniter4\framework\system\CodeIgniter.php(358): CodeIgniter\CodeIgniter->tryToRouteIt(Object(CodeIgniter\Router\RouteCollection))
#3 C:\xampp\htdocs\blogci4\vendor\codeigniter4\framework\system\CodeIgniter.php(306): CodeIgniter\CodeIgniter->handleRequest(NULL, Object(Config\Cache), false)
#4 C:\xampp\htdocs\blogci4\index.php(45): CodeIgniter\CodeIgniter->run()
#5 {main}
CRITICAL - 2020-10-08 21:36:45 --> syntax error, unexpected ')', expecting ']'
#0 C:\xampp\htdocs\blogci4\vendor\codeigniter4\framework\system\Router\Router.php(192): CodeIgniter\Router\Router->autoRoute('/home')
#1 C:\xampp\htdocs\blogci4\vendor\codeigniter4\framework\system\CodeIgniter.php(785): CodeIgniter\Router\Router->handle('/home')
#2 C:\xampp\htdocs\blogci4\vendor\codeigniter4\framework\system\CodeIgniter.php(358): CodeIgniter\CodeIgniter->tryToRouteIt(Object(CodeIgniter\Router\RouteCollection))
#3 C:\xampp\htdocs\blogci4\vendor\codeigniter4\framework\system\CodeIgniter.php(306): CodeIgniter\CodeIgniter->handleRequest(NULL, Object(Config\Cache), false)
#4 C:\xampp\htdocs\blogci4\index.php(45): CodeIgniter\CodeIgniter->run()
#5 {main}
CRITICAL - 2020-10-08 21:37:01 --> Call to a member function first() on null
#0 C:\xampp\htdocs\blogci4\vendor\codeigniter4\framework\system\CodeIgniter.php(910): App\Controllers\Home->index()
#1 C:\xampp\htdocs\blogci4\vendor\codeigniter4\framework\system\CodeIgniter.php(398): CodeIgniter\CodeIgniter->runController(Object(App\Controllers\Home))
#2 C:\xampp\htdocs\blogci4\vendor\codeigniter4\framework\system\CodeIgniter.php(306): CodeIgniter\CodeIgniter->handleRequest(NULL, Object(Config\Cache), false)
#3 C:\xampp\htdocs\blogci4\index.php(45): CodeIgniter\CodeIgniter->run()
#4 {main}
CRITICAL - 2020-10-08 21:37:25 --> syntax error, unexpected ']', expecting ')'
#0 C:\xampp\htdocs\blogci4\vendor\codeigniter4\framework\system\Router\Router.php(192): CodeIgniter\Router\Router->autoRoute('/home')
#1 C:\xampp\htdocs\blogci4\vendor\codeigniter4\framework\system\CodeIgniter.php(785): CodeIgniter\Router\Router->handle('/home')
#2 C:\xampp\htdocs\blogci4\vendor\codeigniter4\framework\system\CodeIgniter.php(358): CodeIgniter\CodeIgniter->tryToRouteIt(Object(CodeIgniter\Router\RouteCollection))
#3 C:\xampp\htdocs\blogci4\vendor\codeigniter4\framework\system\CodeIgniter.php(306): CodeIgniter\CodeIgniter->handleRequest(NULL, Object(Config\Cache), false)
#4 C:\xampp\htdocs\blogci4\index.php(45): CodeIgniter\CodeIgniter->run()
#5 {main}
CRITICAL - 2020-10-08 21:37:47 --> Object of class App\Models\UserModel could not be converted to string
#0 C:\xampp\htdocs\blogci4\vendor\codeigniter4\framework\system\View\View.php(236): include()
#1 C:\xampp\htdocs\blogci4\vendor\codeigniter4\framework\system\Common.php(1071): CodeIgniter\View\View->render('home/templates/...', Array, true)
#2 C:\xampp\htdocs\blogci4\app\Views\home\index.php(3): view('home/templates/...')
#3 C:\xampp\htdocs\blogci4\vendor\codeigniter4\framework\system\View\View.php(236): include('C:\\xampp\\htdocs...')
#4 C:\xampp\htdocs\blogci4\vendor\codeigniter4\framework\system\Common.php(1071): CodeIgniter\View\View->render('home/index', Array, true)
#5 C:\xampp\htdocs\blogci4\app\Controllers\Home.php(48): view('home/index', Array)
#6 C:\xampp\htdocs\blogci4\vendor\codeigniter4\framework\system\CodeIgniter.php(910): App\Controllers\Home->index()
#7 C:\xampp\htdocs\blogci4\vendor\codeigniter4\framework\system\CodeIgniter.php(398): CodeIgniter\CodeIgniter->runController(Object(App\Controllers\Home))
#8 C:\xampp\htdocs\blogci4\vendor\codeigniter4\framework\system\CodeIgniter.php(306): CodeIgniter\CodeIgniter->handleRequest(NULL, Object(Config\Cache), false)
#9 C:\xampp\htdocs\blogci4\index.php(45): CodeIgniter\CodeIgniter->run()
#10 {main}
CRITICAL - 2020-10-08 21:38:06 --> Cannot use object of type App\Models\UserModel as array
#0 C:\xampp\htdocs\blogci4\vendor\codeigniter4\framework\system\View\View.php(236): include()
#1 C:\xampp\htdocs\blogci4\vendor\codeigniter4\framework\system\Common.php(1071): CodeIgniter\View\View->render('home/templates/...', Array, true)
#2 C:\xampp\htdocs\blogci4\app\Views\home\index.php(3): view('home/templates/...')
#3 C:\xampp\htdocs\blogci4\vendor\codeigniter4\framework\system\View\View.php(236): include('C:\\xampp\\htdocs...')
#4 C:\xampp\htdocs\blogci4\vendor\codeigniter4\framework\system\Common.php(1071): CodeIgniter\View\View->render('home/index', Array, true)
#5 C:\xampp\htdocs\blogci4\app\Controllers\Home.php(48): view('home/index', Array)
#6 C:\xampp\htdocs\blogci4\vendor\codeigniter4\framework\system\CodeIgniter.php(910): App\Controllers\Home->index()
#7 C:\xampp\htdocs\blogci4\vendor\codeigniter4\framework\system\CodeIgniter.php(398): CodeIgniter\CodeIgniter->runController(Object(App\Controllers\Home))
#8 C:\xampp\htdocs\blogci4\vendor\codeigniter4\framework\system\CodeIgniter.php(306): CodeIgniter\CodeIgniter->handleRequest(NULL, Object(Config\Cache), false)
#9 C:\xampp\htdocs\blogci4\index.php(45): CodeIgniter\CodeIgniter->run()
#10 {main}
CRITICAL - 2020-10-08 21:39:35 --> Trying to access array offset on value of type null
#0 C:\xampp\htdocs\blogci4\app\Views\home\templates\header.php(41): CodeIgniter\Debug\Exceptions->errorHandler(8, 'Trying to acces...', 'C:\\xampp\\htdocs...', 41, Array)
#1 C:\xampp\htdocs\blogci4\vendor\codeigniter4\framework\system\View\View.php(236): include('C:\\xampp\\htdocs...')
#2 C:\xampp\htdocs\blogci4\vendor\codeigniter4\framework\system\Common.php(1071): CodeIgniter\View\View->render('home/templates/...', Array, true)
#3 C:\xampp\htdocs\blogci4\app\Views\home\index.php(3): view('home/templates/...')
#4 C:\xampp\htdocs\blogci4\vendor\codeigniter4\framework\system\View\View.php(236): include('C:\\xampp\\htdocs...')
#5 C:\xampp\htdocs\blogci4\vendor\codeigniter4\framework\system\Common.php(1071): CodeIgniter\View\View->render('home/index', Array, true)
#6 C:\xampp\htdocs\blogci4\app\Controllers\Home.php(48): view('home/index', Array)
#7 C:\xampp\htdocs\blogci4\vendor\codeigniter4\framework\system\CodeIgniter.php(910): App\Controllers\Home->index()
#8 C:\xampp\htdocs\blogci4\vendor\codeigniter4\framework\system\CodeIgniter.php(398): CodeIgniter\CodeIgniter->runController(Object(App\Controllers\Home))
#9 C:\xampp\htdocs\blogci4\vendor\codeigniter4\framework\system\CodeIgniter.php(306): CodeIgniter\CodeIgniter->handleRequest(NULL, Object(Config\Cache), false)
#10 C:\xampp\htdocs\blogci4\index.php(45): CodeIgniter\CodeIgniter->run()
#11 {main}
CRITICAL - 2020-10-08 22:55:26 --> syntax error, unexpected 'foreach' (T_FOREACH)
#0 C:\xampp\htdocs\blogci4\vendor\codeigniter4\framework\system\Common.php(1071): CodeIgniter\View\View->render('admin/write-pos...', Array, true)
#1 C:\xampp\htdocs\blogci4\app\Controllers\Dashboard.php(72): view('admin/write-pos...', Array)
#2 C:\xampp\htdocs\blogci4\vendor\codeigniter4\framework\system\CodeIgniter.php(910): App\Controllers\Dashboard->write_post()
#3 C:\xampp\htdocs\blogci4\vendor\codeigniter4\framework\system\CodeIgniter.php(398): CodeIgniter\CodeIgniter->runController(Object(App\Controllers\Dashboard))
#4 C:\xampp\htdocs\blogci4\vendor\codeigniter4\framework\system\CodeIgniter.php(306): CodeIgniter\CodeIgniter->handleRequest(NULL, Object(Config\Cache), false)
#5 C:\xampp\htdocs\blogci4\index.php(45): CodeIgniter\CodeIgniter->run()
#6 {main}
CRITICAL - 2020-10-08 22:57:31 --> syntax error, unexpected 'foreach' (T_FOREACH)
#0 C:\xampp\htdocs\blogci4\vendor\codeigniter4\framework\system\Common.php(1071): CodeIgniter\View\View->render('admin/write-pos...', Array, true)
#1 C:\xampp\htdocs\blogci4\app\Controllers\Dashboard.php(72): view('admin/write-pos...', Array)
#2 C:\xampp\htdocs\blogci4\vendor\codeigniter4\framework\system\CodeIgniter.php(910): App\Controllers\Dashboard->write_post()
#3 C:\xampp\htdocs\blogci4\vendor\codeigniter4\framework\system\CodeIgniter.php(398): CodeIgniter\CodeIgniter->runController(Object(App\Controllers\Dashboard))
#4 C:\xampp\htdocs\blogci4\vendor\codeigniter4\framework\system\CodeIgniter.php(306): CodeIgniter\CodeIgniter->handleRequest(NULL, Object(Config\Cache), false)
#5 C:\xampp\htdocs\blogci4\index.php(45): CodeIgniter\CodeIgniter->run()
#6 {main}
CRITICAL - 2020-10-08 22:58:17 --> syntax error, unexpected ','
#0 C:\xampp\htdocs\blogci4\vendor\codeigniter4\framework\system\Autoloader\Autoloader.php(296): CodeIgniter\Autoloader\Autoloader->requireFile('C:\\xampp\\htdocs...')
#1 C:\xampp\htdocs\blogci4\vendor\codeigniter4\framework\system\Autoloader\Autoloader.php(258): CodeIgniter\Autoloader\Autoloader->loadInNamespace('App\\Controllers...')
#2 [internal function]: CodeIgniter\Autoloader\Autoloader->loadClass('App\\Controllers...')
#3 [internal function]: spl_autoload_call('App\\Controllers...')
#4 C:\xampp\htdocs\blogci4\vendor\codeigniter4\framework\system\CodeIgniter.php(861): class_exists('\\App\\Controller...', true)
#5 C:\xampp\htdocs\blogci4\vendor\codeigniter4\framework\system\CodeIgniter.php(388): CodeIgniter\CodeIgniter->startController()
#6 C:\xampp\htdocs\blogci4\vendor\codeigniter4\framework\system\CodeIgniter.php(306): CodeIgniter\CodeIgniter->handleRequest(NULL, Object(Config\Cache), false)
#7 C:\xampp\htdocs\blogci4\index.php(45): CodeIgniter\CodeIgniter->run()
#8 {main}
CRITICAL - 2020-10-08 23:01:01 --> syntax error, unexpected 'foreach' (T_FOREACH)
#0 C:\xampp\htdocs\blogci4\vendor\codeigniter4\framework\system\Common.php(1071): CodeIgniter\View\View->render('admin/write-pos...', Array, true)
#1 C:\xampp\htdocs\blogci4\app\Controllers\Dashboard.php(74): view('admin/write-pos...', Array)
#2 C:\xampp\htdocs\blogci4\vendor\codeigniter4\framework\system\CodeIgniter.php(910): App\Controllers\Dashboard->write_post()
#3 C:\xampp\htdocs\blogci4\vendor\codeigniter4\framework\system\CodeIgniter.php(398): CodeIgniter\CodeIgniter->runController(Object(App\Controllers\Dashboard))
#4 C:\xampp\htdocs\blogci4\vendor\codeigniter4\framework\system\CodeIgniter.php(306): CodeIgniter\CodeIgniter->handleRequest(NULL, Object(Config\Cache), false)
#5 C:\xampp\htdocs\blogci4\index.php(45): CodeIgniter\CodeIgniter->run()
#6 {main}
CRITICAL - 2020-10-08 23:01:24 --> syntax error, unexpected 'foreach' (T_FOREACH)
#0 C:\xampp\htdocs\blogci4\vendor\codeigniter4\framework\system\Common.php(1071): CodeIgniter\View\View->render('admin/write-pos...', Array, true)
#1 C:\xampp\htdocs\blogci4\app\Controllers\Dashboard.php(74): view('admin/write-pos...', Array)
#2 C:\xampp\htdocs\blogci4\vendor\codeigniter4\framework\system\CodeIgniter.php(910): App\Controllers\Dashboard->write_post()
#3 C:\xampp\htdocs\blogci4\vendor\codeigniter4\framework\system\CodeIgniter.php(398): CodeIgniter\CodeIgniter->runController(Object(App\Controllers\Dashboard))
#4 C:\xampp\htdocs\blogci4\vendor\codeigniter4\framework\system\CodeIgniter.php(306): CodeIgniter\CodeIgniter->handleRequest(NULL, Object(Config\Cache), false)
#5 C:\xampp\htdocs\blogci4\index.php(45): CodeIgniter\CodeIgniter->run()
#6 {main}
CRITICAL - 2020-10-08 23:02:00 --> syntax error, unexpected 'foreach' (T_FOREACH)
#0 C:\xampp\htdocs\blogci4\vendor\codeigniter4\framework\system\Common.php(1071): CodeIgniter\View\View->render('admin/write-pos...', Array, true)
#1 C:\xampp\htdocs\blogci4\app\Controllers\Dashboard.php(74): view('admin/write-pos...', Array)
#2 C:\xampp\htdocs\blogci4\vendor\codeigniter4\framework\system\CodeIgniter.php(910): App\Controllers\Dashboard->write_post()
#3 C:\xampp\htdocs\blogci4\vendor\codeigniter4\framework\system\CodeIgniter.php(398): CodeIgniter\CodeIgniter->runController(Object(App\Controllers\Dashboard))
#4 C:\xampp\htdocs\blogci4\vendor\codeigniter4\framework\system\CodeIgniter.php(306): CodeIgniter\CodeIgniter->handleRequest(NULL, Object(Config\Cache), false)
#5 C:\xampp\htdocs\blogci4\index.php(45): CodeIgniter\CodeIgniter->run()
#6 {main}
CRITICAL - 2020-10-08 23:02:27 --> syntax error, unexpected 'endforeach' (T_ENDFOREACH)
#0 C:\xampp\htdocs\blogci4\vendor\codeigniter4\framework\system\Common.php(1071): CodeIgniter\View\View->render('admin/write-pos...', Array, true)
#1 C:\xampp\htdocs\blogci4\app\Controllers\Dashboard.php(74): view('admin/write-pos...', Array)
#2 C:\xampp\htdocs\blogci4\vendor\codeigniter4\framework\system\CodeIgniter.php(910): App\Controllers\Dashboard->write_post()
#3 C:\xampp\htdocs\blogci4\vendor\codeigniter4\framework\system\CodeIgniter.php(398): CodeIgniter\CodeIgniter->runController(Object(App\Controllers\Dashboard))
#4 C:\xampp\htdocs\blogci4\vendor\codeigniter4\framework\system\CodeIgniter.php(306): CodeIgniter\CodeIgniter->handleRequest(NULL, Object(Config\Cache), false)
#5 C:\xampp\htdocs\blogci4\index.php(45): CodeIgniter\CodeIgniter->run()
#6 {main}
CRITICAL - 2020-10-08 23:11:46 --> Undefined variable: header
#0 C:\xampp\htdocs\blogci4\app\Views\admin\category.php(11): CodeIgniter\Debug\Exceptions->errorHandler(8, 'Undefined varia...', 'C:\\xampp\\htdocs...', 11, Array)
#1 C:\xampp\htdocs\blogci4\vendor\codeigniter4\framework\system\View\View.php(236): include('C:\\xampp\\htdocs...')
#2 C:\xampp\htdocs\blogci4\vendor\codeigniter4\framework\system\Common.php(1071): CodeIgniter\View\View->render('admin/category', Array, true)
#3 C:\xampp\htdocs\blogci4\app\Controllers\Dashboard.php(83): view('admin/category', Array)
#4 C:\xampp\htdocs\blogci4\vendor\codeigniter4\framework\system\CodeIgniter.php(910): App\Controllers\Dashboard->category()
#5 C:\xampp\htdocs\blogci4\vendor\codeigniter4\framework\system\CodeIgniter.php(398): CodeIgniter\CodeIgniter->runController(Object(App\Controllers\Dashboard))
#6 C:\xampp\htdocs\blogci4\vendor\codeigniter4\framework\system\CodeIgniter.php(306): CodeIgniter\CodeIgniter->handleRequest(NULL, Object(Config\Cache), false)
#7 C:\xampp\htdocs\blogci4\index.php(45): CodeIgniter\CodeIgniter->run()
#8 {main}
