CRITICAL - 2020-10-10 17:00:26 --> Class 'App\Controllers\CategoryModel' not found
#0 C:\xampp\htdocs\blogci4\vendor\codeigniter4\framework\system\CodeIgniter.php(882): App\Controllers\Posts->__construct()
#1 C:\xampp\htdocs\blogci4\vendor\codeigniter4\framework\system\CodeIgniter.php(393): CodeIgniter\CodeIgniter->createController()
#2 C:\xampp\htdocs\blogci4\vendor\codeigniter4\framework\system\CodeIgniter.php(306): CodeIgniter\CodeIgniter->handleRequest(NULL, Object(Config\Cache), false)
#3 C:\xampp\htdocs\blogci4\index.php(45): CodeIgniter\CodeIgniter->run()
#4 {main}
CRITICAL - 2020-10-10 17:01:17 --> Undefined variable: value
#0 C:\xampp\htdocs\blogci4\app\Views\admin\category.php(65): CodeIgniter\Debug\Exceptions->errorHandler(8, 'Undefined varia...', 'C:\\xampp\\htdocs...', 65, Array)
#1 C:\xampp\htdocs\blogci4\vendor\codeigniter4\framework\system\View\View.php(236): include('C:\\xampp\\htdocs...')
#2 C:\xampp\htdocs\blogci4\vendor\codeigniter4\framework\system\Common.php(1071): CodeIgniter\View\View->render('admin/category', Array, true)
#3 C:\xampp\htdocs\blogci4\app\Controllers\Dashboard.php(83): view('admin/category', Array)
#4 C:\xampp\htdocs\blogci4\vendor\codeigniter4\framework\system\CodeIgniter.php(910): App\Controllers\Dashboard->category()
#5 C:\xampp\htdocs\blogci4\vendor\codeigniter4\framework\system\CodeIgniter.php(398): CodeIgniter\CodeIgniter->runController(Object(App\Controllers\Dashboard))
#6 C:\xampp\htdocs\blogci4\vendor\codeigniter4\framework\system\CodeIgniter.php(306): CodeIgniter\CodeIgniter->handleRequest(NULL, Object(Config\Cache), false)
#7 C:\xampp\htdocs\blogci4\index.php(45): CodeIgniter\CodeIgniter->run()
#8 {main}
CRITICAL - 2020-10-10 17:02:24 --> Array to string conversion
#0 C:\xampp\htdocs\blogci4\app\Views\admin\write-post.php(25): CodeIgniter\Debug\Exceptions->errorHandler(8, 'Array to string...', 'C:\\xampp\\htdocs...', 25, Array)
#1 C:\xampp\htdocs\blogci4\vendor\codeigniter4\framework\system\View\View.php(236): include('C:\\xampp\\htdocs...')
#2 C:\xampp\htdocs\blogci4\vendor\codeigniter4\framework\system\Common.php(1071): CodeIgniter\View\View->render('admin/write-pos...', Array, true)
#3 C:\xampp\htdocs\blogci4\app\Controllers\Dashboard.php(74): view('admin/write-pos...', Array)
#4 C:\xampp\htdocs\blogci4\vendor\codeigniter4\framework\system\CodeIgniter.php(910): App\Controllers\Dashboard->write_post()
#5 C:\xampp\htdocs\blogci4\vendor\codeigniter4\framework\system\CodeIgniter.php(398): CodeIgniter\CodeIgniter->runController(Object(App\Controllers\Dashboard))
#6 C:\xampp\htdocs\blogci4\vendor\codeigniter4\framework\system\CodeIgniter.php(306): CodeIgniter\CodeIgniter->handleRequest(NULL, Object(Config\Cache), false)
#7 C:\xampp\htdocs\blogci4\index.php(45): CodeIgniter\CodeIgniter->run()
#8 {main}
